<?xml version="1.0" encoding="UTF-8"?>
<!-- Generated by org.testng.reporters.JUnitXMLReporter -->
<testsuite ignored="65" hostname="LAPT-1-100304" failures="0" tests="0" time="0.028" errors="0" timestamp="2024-02-15T21:37:40 IST">
  <testcase classname="com.qa.bps.test.VSBTest" name="testDayViewDDExist" time="0.0">
    <ignored/>
  </testcase> <!-- testDayViewDDExist -->
  <testcase classname="com.qa.bps.test.VSBTest" name="restartFuncInNormalStartTest" time="0.0">
    <ignored/>
  </testcase> <!-- restartFuncInNormalStartTest -->
  <testcase classname="com.qa.bps.test.VSBTest" name="taskResetFuncInDelayCloseTest" time="0.0">
    <ignored/>
  </testcase> <!-- taskResetFuncInDelayCloseTest -->
  <testcase classname="com.qa.bps.test.ProductOverviewTest" name="taskResetTest" time="0.0">
    <ignored/>
  </testcase> <!-- taskResetTest -->
  <testcase classname="com.qa.bps.test.VSBTest" name="resetTaskTest" time="0.0">
    <ignored/>
  </testcase> <!-- resetTaskTest -->
  <testcase classname="com.qa.bps.test.VSBTest" name="ValidateTaskClosure" time="0.0">
    <ignored/>
  </testcase> <!-- ValidateTaskClosure -->
  <testcase classname="com.qa.bps.test.ProductOverviewTest" name="scheduleBatcheAfterEnRTest" time="0.0">
    <ignored/>
  </testcase> <!-- scheduleBatcheAfterEnRTest -->
  <testcase classname="com.qa.bps.test.VSBTest" name="postRestartStatusTest" time="0.0">
    <ignored/>
  </testcase> <!-- postRestartStatusTest -->
  <testcase classname="com.qa.bps.test.VSBTest" name="completeStateTest" time="0.0">
    <ignored/>
  </testcase> <!-- completeStateTest -->
  <testcase classname="com.qa.bps.test.VSBTest" name="assetAlertInVsbTest" time="0.0">
    <ignored/>
  </testcase> <!-- assetAlertInVsbTest -->
  <testcase classname="com.qa.bps.test.ProductOverviewTest" name="preReqTest" time="0.0">
    <ignored/>
  </testcase> <!-- preReqTest -->
  <testcase classname="com.qa.bps.test.VSBTest" name="delayStartValInVsbTest" time="0.0">
    <ignored/>
  </testcase> <!-- delayStartValInVsbTest -->
  <testcase classname="com.qa.bps.test.VSBTest" name="testtaskStatusInProductOVPostReset" time="0.0">
    <ignored/>
  </testcase> <!-- testtaskStatusInProductOVPostReset -->
  <testcase classname="com.qa.bps.test.VSBTest" name="taskStartAndEnddateSyncOnCloseStateTest" time="0.0">
    <ignored/>
  </testcase> <!-- taskStartAndEnddateSyncOnCloseStateTest -->
  <testcase classname="com.qa.bps.test.VSBTest" name="delayStartTest" time="0.0">
    <ignored/>
  </testcase> <!-- delayStartTest -->
  <testcase classname="com.qa.bps.test.VSBTest" name="nextTaskTimeUpdAfterResetForDelayStartTest" time="0.0">
    <ignored/>
  </testcase> <!-- nextTaskTimeUpdAfterResetForDelayStartTest -->
  <testcase classname="com.qa.bps.test.ProductOverviewTest" name="taskAndTGSyncInNotstartedStateTest" time="0.0">
    <ignored/>
  </testcase> <!-- taskAndTGSyncInNotstartedStateTest -->
  <testcase classname="com.qa.bps.test.ProductOverviewTest" name="tosterValidateTest" time="0.0">
    <ignored/>
  </testcase> <!-- tosterValidateTest -->
  <testcase classname="com.qa.bps.test.ProductOverviewTest" name="trigerEnRTest" time="0.0">
    <ignored/>
  </testcase> <!-- trigerEnRTest -->
  <testcase classname="com.qa.bps.test.ProductOverviewTest" name="checkTaskTimeAfterEnRWithEqUnAvl" time="0.0">
    <ignored/>
  </testcase> <!-- checkTaskTimeAfterEnRWithEqUnAvl -->
  <testcase classname="com.qa.bps.test.ProductOverviewTest" name="enRTrigerWithEqUnAvlTest" time="0.0">
    <ignored/>
  </testcase> <!-- enRTrigerWithEqUnAvlTest -->
  <testcase classname="com.qa.bps.test.VSBTest" name="testmovebatchButtonExist" time="0.0">
    <ignored/>
  </testcase> <!-- testmovebatchButtonExist -->
  <testcase classname="com.qa.bps.test.VSBTest" name="nextTaskTimeUpdWithDelayStartTest" time="0.0">
    <ignored/>
  </testcase> <!-- nextTaskTimeUpdWithDelayStartTest -->
  <testcase classname="com.qa.bps.test.VSBTest" name="taskStartAndEnddateSyncOnDelayStartStateTest" time="0.0">
    <ignored/>
  </testcase> <!-- taskStartAndEnddateSyncOnDelayStartStateTest -->
  <testcase classname="com.qa.bps.test.VSBTest" name="sideTaskAvlTest" time="0.0">
    <ignored/>
  </testcase> <!-- sideTaskAvlTest -->
  <testcase classname="com.qa.bps.test.ProductOverviewTest" name="enRTestWithDelay" time="0.0">
    <ignored/>
  </testcase> <!-- enRTestWithDelay -->
  <testcase classname="com.qa.bps.test.VSBTest" name="testFilterButtonExist" time="0.0">
    <ignored/>
  </testcase> <!-- testFilterButtonExist -->
  <testcase classname="com.qa.bps.test.ProductOverviewTest" name="getProductDetailsTest" time="0.0">
    <ignored/>
  </testcase> <!-- getProductDetailsTest -->
  <testcase classname="com.qa.bps.test.VSBTest" name="startTaskStatusInProductOverview" time="0.0">
    <ignored/>
  </testcase> <!-- startTaskStatusInProductOverview -->
  <testcase classname="com.qa.bps.test.VSBTest" name="addSideTaskTest" time="0.0">
    <ignored/>
  </testcase> <!-- addSideTaskTest -->
  <testcase classname="com.qa.bps.test.VSBTest" name="restartFuncInDelayCloseTest" time="0.0">
    <ignored/>
  </testcase> <!-- restartFuncInDelayCloseTest -->
  <testcase classname="com.qa.bps.test.ProductOverviewTest" name="enRWIthOperatorUnavailabilityTest" time="0.0">
    <ignored/>
  </testcase> <!-- enRWIthOperatorUnavailabilityTest -->
  <testcase classname="com.qa.bps.test.VSBTest" name="taskResetFuncInNormalCloseTest" time="0.0">
    <ignored/>
  </testcase> <!-- taskResetFuncInNormalCloseTest -->
  <testcase classname="com.qa.bps.test.VSBTest" name="fieldsNamesTest" time="0.0">
    <ignored/>
  </testcase> <!-- fieldsNamesTest -->
  <testcase classname="com.qa.bps.test.ProductOverviewTest" name="taskAndTGSyncInInprogressStateTest" time="0.0">
    <ignored/>
  </testcase> <!-- taskAndTGSyncInInprogressStateTest -->
  <testcase classname="com.qa.bps.test.VSBTest" name="delayStartValInPovTest" time="0.0">
    <ignored/>
  </testcase> <!-- delayStartValInPovTest -->
  <testcase classname="com.qa.bps.test.VSBTest" name="productDetailsTest" time="0.0">
    <ignored/>
  </testcase> <!-- productDetailsTest -->
  <testcase classname="com.qa.bps.test.ProductOverviewTest" name="taskAndTGsynInDelayStartStateTest" time="0.0">
    <ignored/>
  </testcase> <!-- taskAndTGsynInDelayStartStateTest -->
  <testcase classname="com.qa.bps.test.VSBTest" name="completeTsk" time="0.0">
    <ignored/>
  </testcase> <!-- completeTsk -->
  <testcase classname="com.qa.bps.test.VSBTest" name="taskResetFuncInNormalStartTest" time="0.0">
    <ignored/>
  </testcase> <!-- taskResetFuncInNormalStartTest -->
  <testcase classname="com.qa.bps.test.VSBTest" name="nextTaskTimeUpdAfterResetForDelayCloseTest" time="0.0">
    <ignored/>
  </testcase> <!-- nextTaskTimeUpdAfterResetForDelayCloseTest -->
  <testcase classname="com.qa.bps.test.VSBTest" name="assetDownTest" time="0.0">
    <ignored/>
  </testcase> <!-- assetDownTest -->
  <testcase classname="com.qa.bps.test.VSBTest" name="testSideButtonExist" time="0.0">
    <ignored/>
  </testcase> <!-- testSideButtonExist -->
  <testcase classname="com.qa.bps.test.VSBTest" name="postResetStatusTest" time="0.0">
    <ignored/>
  </testcase> <!-- postResetStatusTest -->
  <testcase classname="com.qa.bps.test.VSBTest" name="taskStartAndEnddateSyncOnDelayCloseStateTest" time="0.0">
    <ignored/>
  </testcase> <!-- taskStartAndEnddateSyncOnDelayCloseStateTest -->
  <testcase classname="com.qa.bps.test.VSBTest" name="tosterValidateTest" time="0.0">
    <ignored/>
  </testcase> <!-- tosterValidateTest -->
  <testcase classname="com.qa.bps.test.VSBTest" name="mousehoverontaskTest" time="0.0">
    <ignored/>
  </testcase> <!-- mousehoverontaskTest -->
  <testcase classname="com.qa.bps.test.VSBTest" name="navigateHp3" time="0.0">
    <ignored/>
  </testcase> <!-- navigateHp3 -->
  <testcase classname="com.qa.bps.test.ProductOverviewTest" name="taskAndTGsynInCloseStateTest" time="0.0">
    <ignored/>
  </testcase> <!-- taskAndTGsynInCloseStateTest -->
  <testcase classname="com.qa.bps.test.VSBTest" name="navigateHp1" time="0.0">
    <ignored/>
  </testcase> <!-- navigateHp1 -->
  <testcase classname="com.qa.bps.test.VSBTest" name="navigateHp4" time="0.0">
    <ignored/>
  </testcase> <!-- navigateHp4 -->
  <testcase classname="com.qa.bps.test.VSBTest" name="starttask" time="0.0">
    <ignored/>
  </testcase> <!-- starttask -->
  <testcase classname="com.qa.bps.test.VSBTest" name="navigateHp2" time="0.0">
    <ignored/>
  </testcase> <!-- navigateHp2 -->
  <testcase classname="com.qa.bps.test.ProductOverviewTest" name="checkSchBatchesAfterEnRwithEqUnAvlTest" time="0.0">
    <ignored/>
  </testcase> <!-- checkSchBatchesAfterEnRwithEqUnAvlTest -->
  <testcase classname="com.qa.bps.test.VSBTest" name="assetAlertInPovTest" time="0.0">
    <ignored/>
  </testcase> <!-- assetAlertInPovTest -->
  <testcase classname="com.qa.bps.test.VSBTest" name="nextTaskTimeUpdWithDelayCloseTest" time="0.0">
    <ignored/>
  </testcase> <!-- nextTaskTimeUpdWithDelayCloseTest -->
  <testcase classname="com.qa.bps.test.VSBTest" name="taskResetFuncInDelayStartTest" time="0.0">
    <ignored/>
  </testcase> <!-- taskResetFuncInDelayStartTest -->
  <testcase classname="com.qa.bps.test.VSBTest" name="restartTask" time="0.0">
    <ignored/>
  </testcase> <!-- restartTask -->
  <testcase classname="com.qa.bps.test.VSBTest" name="inProgresStateTest" time="0.0">
    <ignored/>
  </testcase> <!-- inProgresStateTest -->
  <testcase classname="com.qa.bps.test.VSBTest" name="taskStartAndEnddateSyncOnInProgressStateTest" time="0.0">
    <ignored/>
  </testcase> <!-- taskStartAndEnddateSyncOnInProgressStateTest -->
  <testcase classname="com.qa.bps.test.ProductOverviewTest" name="toCheckscheduleBatchAfterTrigerEnR" time="0.0">
    <ignored/>
  </testcase> <!-- toCheckscheduleBatchAfterTrigerEnR -->
  <testcase classname="com.qa.bps.test.VSBTest" name="notStartedStateTest" time="0.0">
    <ignored/>
  </testcase> <!-- notStartedStateTest -->
  <testcase classname="com.qa.bps.test.VSBTest" name="restartFuncInDelayStartTest" time="0.0">
    <ignored/>
  </testcase> <!-- restartFuncInDelayStartTest -->
  <testcase classname="com.qa.bps.test.ProductOverviewTest" name="toCheckScheduleOpAfterTrigerEnR" time="0.0">
    <ignored/>
  </testcase> <!-- toCheckScheduleOpAfterTrigerEnR -->
  <testcase classname="com.qa.bps.test.ProductOverviewTest" name="taskAndTGsynInDelayCloseStateTest" time="0.0">
    <ignored/>
  </testcase> <!-- taskAndTGsynInDelayCloseStateTest -->
</testsuite>
